<?xml version="1.0" encoding="utf-8"?><testsuites name="pytest tests"><testsuite name="pytest" errors="0" failures="0" skipped="0" tests="13" time="6.303" timestamp="2025-12-09T06:11:26.033972-05:00" hostname="hemi01.idies.jhu.edu"><testcase classname="test.test_scripts.test_argument_parsing" name="test_my_argument_parser" time="0.062" /><testcase classname="test.test_scripts.test_argument_parsing" name="test_config_path" time="0.001" /><testcase classname="test.test_scripts.test_config_file_parser" name="test_available_group_names" time="0.002" /><testcase classname="test.test_scripts.test_config_file_parser" name="test_get_config_dict_for_groups" time="0.004" /><testcase classname="test.test_scripts.test_console_scripts" name="test_console_scripts_exist[DataFileDownloadDirectory]" time="0.630" /><testcase classname="test.test_scripts.test_console_scripts" name="test_console_scripts_exist[DataFileUploadDirectory]" time="0.610" /><testcase classname="test.test_scripts.test_console_scripts" name="test_console_scripts_exist[GirderUploadStreamProcessor]" time="0.626" /><testcase classname="test.test_scripts.test_console_scripts" name="test_console_scripts_exist[InstallService]" time="0.804" /><testcase classname="test.test_scripts.test_console_scripts" name="test_console_scripts_exist[ManageService]" time="0.684" /><testcase classname="test.test_scripts.test_console_scripts" name="test_console_scripts_exist[ProvisionNode]" time="0.742" /><testcase classname="test.test_scripts.test_console_scripts" name="test_console_scripts_exist[ReproduceUndecryptableMessages]" time="0.759" /><testcase classname="test.test_scripts.test_console_scripts" name="test_console_scripts_exist[S3TransferStreamProcessor]" time="0.626" /><testcase classname="test.test_scripts.test_console_scripts" name="test_console_scripts_exist[UploadDataFile]" time="0.621" /></testsuite></testsuites>