<?xml version="1.0" encoding="utf-8"?><testsuites name="pytest tests"><testsuite name="pytest" errors="0" failures="0" skipped="0" tests="4" time="0.141" timestamp="2025-12-09T06:02:12.124731-05:00" hostname="hemi01.idies.jhu.edu"><testcase classname="test.test_scripts.test_argument_parsing" name="test_my_argument_parser" time="0.063" /><testcase classname="test.test_scripts.test_argument_parsing" name="test_config_path" time="0.002" /><testcase classname="test.test_scripts.test_config_file_parser" name="test_available_group_names" time="0.003" /><testcase classname="test.test_scripts.test_config_file_parser" name="test_get_config_dict_for_groups" time="0.030" /></testsuite></testsuites>